<?xml version="1.0" encoding="UTF-8"?>
<!-- Generated by org.testng.reporters.JUnitXMLReporter -->
<testsuite ignored="0" hostname="rohitpunekar" failures="0" tests="5" name="Default test" time="10.18" errors="0" timestamp="2024-11-15T14:16:30 IST">
  <testcase classname="tests.TestCases" name="create_issue" time="4.449"/>
  <testcase classname="tests.TestCases" name="send_attachment" time="3.257"/>
  <testcase classname="tests.TestCases" name="update_issue" time="0.61"/>
  <testcase classname="tests.TestCases" name="delete_issue" time="0.697"/>
  <testcase classname="tests.TestCases" name="delete_validation" time="0.291"/>
</testsuite> <!-- Default test -->
